<?xml version="1.0" encoding="UTF-8"?>
<robot generator="Robot 4.1.2 (Python 3.10.0 on win32)" generated="20211209 22:42:20.016" rpa="false" schemaversion="2">
<suite id="s1" name="Hurb" source="C:\Users\annaa\OneDrive\Área de Trabalho\CTD DH\Bimestre 2\Testing\Aula Revisao\Hurb.robot">
<test id="s1-t1" name="Processo de reserva de pacote de viagens">
<kw name="Abrir o site do Hurb" library="Hurb" type="SETUP">
<kw name="Open Browser" library="SeleniumLibrary">
<arg>${SITE}</arg>
<arg>${NAVEGADOR}</arg>
<doc>Opens a new browser instance to the optional ``url``.</doc>
<msg timestamp="20211209 22:42:20.625" level="INFO">Opening browser 'chrome' to base url 'http://hurb.com/br'.</msg>
<status status="PASS" starttime="20211209 22:42:20.624" endtime="20211209 22:42:32.905"/>
</kw>
<kw name="Maximize Browser Window" library="SeleniumLibrary">
<doc>Maximizes current browser window.</doc>
<status status="PASS" starttime="20211209 22:42:32.905" endtime="20211209 22:42:33.082"/>
</kw>
<status status="PASS" starttime="20211209 22:42:20.623" endtime="20211209 22:42:33.083"/>
</kw>
<kw name="Clicar em &quot;Permitir todos os cookies&quot;" library="Hurb">
<kw name="Sleep" library="BuiltIn">
<arg>5</arg>
<doc>Pauses the test executed for the given time.</doc>
<msg timestamp="20211209 22:42:38.100" level="INFO">Slept 5 seconds</msg>
<status status="PASS" starttime="20211209 22:42:33.093" endtime="20211209 22:42:38.101"/>
</kw>
<kw name="Click Element" library="SeleniumLibrary">
<arg>${COOKIES}</arg>
<doc>Click the element identified by ``locator``.</doc>
<msg timestamp="20211209 22:42:38.103" level="INFO">Clicking element 'css=#CybotCookiebotDialogBodyLevelButtonLevelOptinAllowAll'.</msg>
<status status="PASS" starttime="20211209 22:42:38.102" endtime="20211209 22:42:38.475"/>
</kw>
<status status="PASS" starttime="20211209 22:42:33.090" endtime="20211209 22:42:38.475"/>
</kw>
<kw name="Selecionar a opção &quot;Pacotes&quot;" library="Hurb">
<kw name="Click Element" library="SeleniumLibrary">
<arg>${PACOTES}</arg>
<doc>Click the element identified by ``locator``.</doc>
<msg timestamp="20211209 22:42:38.478" level="INFO">Clicking element 'css=#__next &gt; div.Header_Header__1jiZz &gt; div.hrc-2LOsj &gt; div &gt; div &gt; div.h-rwgu8t &gt; div &gt; div &gt; button:nth-child(2) &gt; span'.</msg>
<status status="PASS" starttime="20211209 22:42:38.477" endtime="20211209 22:42:38.592"/>
</kw>
<status status="PASS" starttime="20211209 22:42:38.476" endtime="20211209 22:42:38.592"/>
</kw>
<kw name="Buscar por alguma cidade turística (Ex: Buenos Aires, Florença, Orlando) e clicar em &quot;Pesquisar&quot;" library="Hurb">
<kw name="Input Text" library="SeleniumLibrary">
<arg>${CAMPO_CIDADE}</arg>
<arg>${CIDADE}</arg>
<doc>Types the given ``text`` into the text field identified by ``locator``.</doc>
<msg timestamp="20211209 22:42:38.596" level="INFO">Typing text 'Brasília' into text field 'css=#destination-input'.</msg>
<status status="PASS" starttime="20211209 22:42:38.595" endtime="20211209 22:42:38.811"/>
</kw>
<kw name="Click Element" library="SeleniumLibrary">
<arg>${PESQUISAR}</arg>
<doc>Click the element identified by ``locator``.</doc>
<msg timestamp="20211209 22:42:38.813" level="INFO">Clicking element 'css=#__next &gt; div.Header_Header__1jiZz &gt; div.hrc-2LOsj &gt; div &gt; div &gt; div.h-rr9hdz &gt; button &gt; span'.</msg>
<status status="PASS" starttime="20211209 22:42:38.812" endtime="20211209 22:42:43.558"/>
</kw>
<status status="PASS" starttime="20211209 22:42:38.594" endtime="20211209 22:42:43.559"/>
</kw>
<kw name="Selecionar um pacote de viagem" library="Hurb">
<kw name="Click Element" library="SeleniumLibrary">
<arg>${SELECIONAR_PACOTE}</arg>
<doc>Click the element identified by ``locator``.</doc>
<msg timestamp="20211209 22:42:43.563" level="INFO">Clicking element 'css=#__next &gt; div &gt; main &gt; div.ResultsCardsContainer_ResultsCardContainer__1jtiB &gt; a &gt; div.hrc-2MRhP.h-1tms90c &gt; div:nth-child(1) &gt; h3'.</msg>
<status status="PASS" starttime="20211209 22:42:43.562" endtime="20211209 22:42:43.862"/>
</kw>
<kw name="Switch Window" library="SeleniumLibrary">
<arg>NEW</arg>
<doc>Switches to browser window matching ``locator``.</doc>
<status status="PASS" starttime="20211209 22:42:43.862" endtime="20211209 22:42:43.886"/>
</kw>
<status status="PASS" starttime="20211209 22:42:43.561" endtime="20211209 22:42:43.887"/>
</kw>
<kw name="Clicar em &quot;ESCOLHER OPÇÃO&quot;" library="Hurb">
<kw name="Click Element" library="SeleniumLibrary">
<arg>${ESCOLHER_OPCAO}</arg>
<doc>Click the element identified by ``locator``.</doc>
<msg timestamp="20211209 22:42:43.891" level="INFO">Clicking element 'css=body &gt; div:nth-child(4) &gt; section &gt; div.box-offer-top.box-nopadding.col-sm-6.col-md-6 &gt; div &gt; section.box-offer-main.pull-left &gt; div:nth-child(5) &gt; div.pull-left.first-box &gt; button'.</msg>
<status status="PASS" starttime="20211209 22:42:43.890" endtime="20211209 22:42:49.644"/>
</kw>
<kw name="Sleep" library="BuiltIn">
<arg>3</arg>
<doc>Pauses the test executed for the given time.</doc>
<msg timestamp="20211209 22:42:52.653" level="INFO">Slept 3 seconds</msg>
<status status="PASS" starttime="20211209 22:42:49.644" endtime="20211209 22:42:52.653"/>
</kw>
<status status="PASS" starttime="20211209 22:42:43.888" endtime="20211209 22:42:52.654"/>
</kw>
<kw name="Escolher uma opção de viagem e clicar em &quot;COMPRAR&quot;" library="Hurb">
<kw name="Click Element" library="SeleniumLibrary">
<arg>${COMPRAR}</arg>
<doc>Click the element identified by ``locator``.</doc>
<msg timestamp="20211209 22:42:52.657" level="INFO">Clicking element 'css=#offer-options &gt; div.offer-options--items.small-margin-top &gt; div:nth-child(4) &gt; div.row.flex &gt; div.col-xs-12.col-sm-4.col-md-4.offer-options--box-right.main-package &gt; div &gt; div.col-xs-12.col-sm-7.col-md-7.offer-options--box.offer-options--box-price.flex &gt; div:nth-child(2) &gt; div:nth-child(4) &gt; a'.</msg>
<status status="PASS" starttime="20211209 22:42:52.656" endtime="20211209 22:42:57.619"/>
</kw>
<status status="PASS" starttime="20211209 22:42:52.655" endtime="20211209 22:42:57.620"/>
</kw>
<kw name="Validar as informações da &quot;Configuração&quot; da viagem" library="Hurb">
<kw name="Sleep" library="BuiltIn">
<arg>5</arg>
<doc>Pauses the test executed for the given time.</doc>
<msg timestamp="20211209 22:43:02.635" level="INFO">Slept 5 seconds</msg>
<status status="PASS" starttime="20211209 22:42:57.624" endtime="20211209 22:43:02.636"/>
</kw>
<kw name="Page Should Contain" library="SeleniumLibrary">
<arg>5 Noites</arg>
<doc>Verifies that current page contains ``text``.</doc>
<msg timestamp="20211209 22:43:02.747" level="INFO">Current page contains text '5 Noites'.</msg>
<status status="PASS" starttime="20211209 22:43:02.636" endtime="20211209 22:43:02.747"/>
</kw>
<kw name="Page Should Contain" library="SeleniumLibrary">
<arg>1 pessoa por pacote</arg>
<doc>Verifies that current page contains ``text``.</doc>
<msg timestamp="20211209 22:43:02.815" level="INFO">Current page contains text '1 pessoa por pacote'.</msg>
<status status="PASS" starttime="20211209 22:43:02.747" endtime="20211209 22:43:02.815"/>
</kw>
<status status="PASS" starttime="20211209 22:42:57.622" endtime="20211209 22:43:02.815"/>
</kw>
<kw name="Validar as informações do período da viagem" library="Hurb">
<kw name="Page Should Contain" library="SeleniumLibrary">
<arg>25 Fev 2022</arg>
<doc>Verifies that current page contains ``text``.</doc>
<msg timestamp="20211209 22:43:02.861" level="INFO">Current page contains text '25 Fev 2022'.</msg>
<status status="PASS" starttime="20211209 22:43:02.818" endtime="20211209 22:43:02.862"/>
</kw>
<kw name="Page Should Contain" library="SeleniumLibrary">
<arg>02 Mar 2022</arg>
<doc>Verifies that current page contains ``text``.</doc>
<msg timestamp="20211209 22:43:02.897" level="INFO">Current page contains text '02 Mar 2022'.</msg>
<status status="PASS" starttime="20211209 22:43:02.862" endtime="20211209 22:43:02.897"/>
</kw>
<status status="PASS" starttime="20211209 22:43:02.816" endtime="20211209 22:43:02.898"/>
</kw>
<kw name="Selecionar a opção &quot;Boleto parcelado&quot;" library="Hurb">
<kw name="Click Element" library="SeleniumLibrary">
<arg>${BOLETO_PARCELADO}</arg>
<doc>Click the element identified by ``locator``.</doc>
<msg timestamp="20211209 22:43:02.902" level="INFO">Clicking element 'css=#ui-id-1 &gt; span'.</msg>
<status status="PASS" starttime="20211209 22:43:02.901" endtime="20211209 22:43:03.157"/>
</kw>
<status status="PASS" starttime="20211209 22:43:02.899" endtime="20211209 22:43:03.159"/>
</kw>
<kw name="Preencher os dados de pagamento" library="Hurb">
<kw name="Input Text" library="SeleniumLibrary">
<arg>${CAMPO_NOME}</arg>
<arg>${NOME}</arg>
<doc>Types the given ``text`` into the text field identified by ``locator``.</doc>
<msg timestamp="20211209 22:43:03.175" level="INFO">Typing text 'Felipe' into text field 'css=#paymentMethods__bill &gt; section &gt; div:nth-child(2) &gt; div:nth-child(1) &gt; div &gt; input'.</msg>
<status status="PASS" starttime="20211209 22:43:03.173" endtime="20211209 22:43:03.963"/>
</kw>
<kw name="Input Text" library="SeleniumLibrary">
<arg>${CAMPO_CPF}</arg>
<arg>${CPF}</arg>
<doc>Types the given ``text`` into the text field identified by ``locator``.</doc>
<msg timestamp="20211209 22:43:03.964" level="INFO">Typing text '00000000000' into text field 'css=#paymentMethods__bill &gt; section &gt; div:nth-child(2) &gt; div:nth-child(2) &gt; div &gt; input'.</msg>
<status status="PASS" starttime="20211209 22:43:03.963" endtime="20211209 22:43:04.308"/>
</kw>
<kw name="Input Text" library="SeleniumLibrary">
<arg>${CAMPO_CELULAR}</arg>
<arg>${CELULAR}</arg>
<doc>Types the given ``text`` into the text field identified by ``locator``.</doc>
<msg timestamp="20211209 22:43:04.310" level="INFO">Typing text '61999999999' into text field 'css=#paymentMethods__bill &gt; section &gt; div:nth-child(2) &gt; div:nth-child(3) &gt; div &gt; input'.</msg>
<status status="PASS" starttime="20211209 22:43:04.308" endtime="20211209 22:43:04.805"/>
</kw>
<status status="PASS" starttime="20211209 22:43:03.171" endtime="20211209 22:43:04.806"/>
</kw>
<kw name="Marcar o checkbox &quot;Li e aceito as condições de termos de uso e política de privacidade&quot;" library="Hurb">
<kw name="Select Checkbox" library="SeleniumLibrary">
<arg>${CHECKBOX}</arg>
<doc>Selects the checkbox identified by ``locator``.</doc>
<msg timestamp="20211209 22:43:04.812" level="INFO">Selecting checkbox 'css=#cancellation-policy'.</msg>
<status status="PASS" starttime="20211209 22:43:04.811" endtime="20211209 22:43:05.072"/>
</kw>
<status status="PASS" starttime="20211209 22:43:04.809" endtime="20211209 22:43:05.073"/>
</kw>
<kw name="Validar a informação sobre cancelamento grátis" library="Hurb">
<kw name="Page Should Contain" library="SeleniumLibrary">
<arg>Cancelamento Grátis!</arg>
<doc>Verifies that current page contains ``text``.</doc>
<msg timestamp="20211209 22:43:05.117" level="INFO">Current page contains text 'Cancelamento Grátis!'.</msg>
<status status="PASS" starttime="20211209 22:43:05.076" endtime="20211209 22:43:05.118"/>
</kw>
<status status="PASS" starttime="20211209 22:43:05.074" endtime="20211209 22:43:05.118"/>
</kw>
<status status="PASS" starttime="20211209 22:42:20.622" endtime="20211209 22:43:05.120"/>
</test>
<status status="PASS" starttime="20211209 22:42:20.023" endtime="20211209 22:43:05.125"/>
</suite>
<statistics>
<total>
<stat pass="1" fail="0" skip="0">All Tests</stat>
</total>
<tag>
</tag>
<suite>
<stat pass="1" fail="0" skip="0" id="s1" name="Hurb">Hurb</stat>
</suite>
</statistics>
<errors>
</errors>
</robot>
